[8c5919991b82:45693] *** Process received signal ***
[8c5919991b82:45693] Signal: Segmentation fault (11)
[8c5919991b82:45693] Signal code: Address not mapped (1)
[8c5919991b82:45693] Failing at address: 0x1
[8c5919991b82:45693] [ 0] win_base_alias[0] is 0
/lib/x86_64-linux-gnu/libc.so.6(+0x3c050)[0x7faa6acec050]
[8c5919991b82:45693] [ 1] /usr/lib/x86_64-linux-gnu/openmpi/lib/openmpi3/mca_pml_ob1.so(mca_pml_ob1_recv_frag_callback_match+0x587)[0x7faa69c6ba27]
[8c5919991b82:45693] [ 2] /usr/lib/x86_64-linux-gnu/openmpi/lib/openmpi3/mca_btl_vader.so(+0x4f6a)[0x7faa6a628f6a]
[8c5919991b82:45693] [ 3] /lib/x86_64-linux-gnu/libopen-pal.so.40(opal_progress+0x2c)[0x7faa6a7dde1c]
[8c5919991b82:45693] [ 4] /lib/x86_64-linux-gnu/libmpi.so.40(ompi_request_default_test+0x30)[0x7faa6b008560]
[8c5919991b82:45693] [ 5] /lib/x86_64-linux-gnu/libmpi.so.40(PMPI_Test+0x4e)[0x7faa6b04864e]
[8c5919991b82:45693] [ 6] /opt/parcoach/lib/libParcoachInstrumentation.so(+0x59af)[0x7faa6b1029af]
[8c5919991b82:45693] [ 7] /lib/x86_64-linux-gnu/libstdc++.so.6(+0xd44a3)[0x7faa6aad44a3]
[8c5919991b82:45693] [ 8] /lib/x86_64-linux-gnu/libc.so.6(+0x89134)[0x7faa6ad39134]
[8c5919991b82:45693] [ 9] /lib/x86_64-linux-gnu/libc.so.6(+0x1097dc)[0x7faa6adb97dc]
[8c5919991b82:45693] *** End of error message ***
--------------------------------------------------------------------------
Primary job  terminated normally, but 1 process returned
a non-zero exit code. Per user-direction, the job has been aborted.
--------------------------------------------------------------------------
--------------------------------------------------------------------------
mpirun noticed that process rank 0 with PID 0 on node 8c5919991b82 exited on signal 11 (Segmentation fault).
--------------------------------------------------------------------------
