===========================
===  PARCOACH ANALYSIS  ===
===========================
===========================
ANALYZING function main...
(1) Get statistics ...done 
(2) Local concurrency errors detection ...done 
(3) Instrumentation for dynamic analysis ...done 
=== STATISTICS === 
12 MPI functions including 2 RMA functions 
= WINDOW CREATION/DESTRUCTION: 1 MPI_Win_free, 1 MPI_Win_create 
= EPOCH CREATION/DESTRUCTION: 0 MPI_Win_fence, 0 MPI_Lock, 0 MPI_Lockall 0 MPI_Unlock, 0 MPI_Unlockall 
= ONE-SIDED COMMUNICATIONS: 0 MPI_Get, 0 MPI_Put, 0 MPI_Accumulate 
= SYNCHRONIZATION: 0 MPI_Win_Flush 
LOAD/STORE STATISTICS: 0 (/17) LOAD and 0 (/10) STORE are instrumented
===========================
ANALYZING function .omp_outlined._debug__...
(1) Get statistics ...done 
(2) Local concurrency errors detection ...LocalConcurrency detected: conflit with the following instructions: 
  %22 = load ptr, ptr %9, align 8, !dbg !85 - LINE 69 in results-20240305-201640/PARCOACH-static/hybrid/003-MPI-hybrid-single-local-yes.c
AND
  %21 = call i32 @MPI_Get(ptr noundef %19, i32 noundef 1, ptr noundef @ompi_mpi_int, i32 noundef 1, i64 noundef 0, i32 noundef 1, ptr noundef @ompi_mpi_int, ptr noundef %20), !dbg !84 - LINE 68 in results-20240305-201640/PARCOACH-static/hybrid/003-MPI-hybrid-single-local-yes.c
LocalConcurrency detected: conflit with the following instructions: 
  %25 = load ptr, ptr %10, align 8, !dbg !88 - LINE 73 in results-20240305-201640/PARCOACH-static/hybrid/003-MPI-hybrid-single-local-yes.c
AND
  %21 = call i32 @MPI_Get(ptr noundef %19, i32 noundef 1, ptr noundef @ompi_mpi_int, i32 noundef 1, i64 noundef 0, i32 noundef 1, ptr noundef @ompi_mpi_int, ptr noundef %20), !dbg !84 - LINE 68 in results-20240305-201640/PARCOACH-static/hybrid/003-MPI-hybrid-single-local-yes.c
LocalConcurrency detected: conflit with the following instructions: 
  %27 = load i32, ptr %26, align 4, !dbg !88 - LINE 73 in results-20240305-201640/PARCOACH-static/hybrid/003-MPI-hybrid-single-local-yes.c
AND
  %21 = call i32 @MPI_Get(ptr noundef %19, i32 noundef 1, ptr noundef @ompi_mpi_int, i32 noundef 1, i64 noundef 0, i32 noundef 1, ptr noundef @ompi_mpi_int, ptr noundef %20), !dbg !84 - LINE 68 in results-20240305-201640/PARCOACH-static/hybrid/003-MPI-hybrid-single-local-yes.c
done 
(3) Instrumentation for dynamic analysis ...done 
=== STATISTICS === 
3 MPI functions including 3 RMA functions 
= WINDOW CREATION/DESTRUCTION: 0 MPI_Win_free, 0 MPI_Win_create 
= EPOCH CREATION/DESTRUCTION: 0 MPI_Win_fence, 1 MPI_Lock, 0 MPI_Lockall 1 MPI_Unlock, 0 MPI_Unlockall 
= ONE-SIDED COMMUNICATIONS: 1 MPI_Get, 0 MPI_Put, 0 MPI_Accumulate 
= SYNCHRONIZATION: 0 MPI_Win_Flush 
LOAD/STORE STATISTICS: 4 (/10) LOAD and 0 (/4) STORE are instrumented
===========================
ANALYZING function .omp_outlined....
(1) Get statistics ...done 
(2) Local concurrency errors detection ...done 
(3) Instrumentation for dynamic analysis ...done 
=== STATISTICS === 
0 MPI functions including 0 RMA functions 
= WINDOW CREATION/DESTRUCTION: 0 MPI_Win_free, 0 MPI_Win_create 
= EPOCH CREATION/DESTRUCTION: 0 MPI_Win_fence, 0 MPI_Lock, 0 MPI_Lockall 0 MPI_Unlock, 0 MPI_Unlockall 
= ONE-SIDED COMMUNICATIONS: 0 MPI_Get, 0 MPI_Put, 0 MPI_Accumulate 
= SYNCHRONIZATION: 0 MPI_Win_Flush 
LOAD/STORE STATISTICS: 0 (/6) LOAD and 0 (/4) STORE are instrumented
===========================
