===========================
===  PARCOACH ANALYSIS  ===
===========================
===========================
ANALYZING function main...
(1) Get statistics ...done 
(2) Local concurrency errors detection ...done 
(3) Instrumentation for dynamic analysis ...done 
=== STATISTICS === 
12 MPI functions including 2 RMA functions 
= WINDOW CREATION/DESTRUCTION: 1 MPI_Win_free, 1 MPI_Win_create 
= EPOCH CREATION/DESTRUCTION: 0 MPI_Win_fence, 0 MPI_Lock, 0 MPI_Lockall 0 MPI_Unlock, 0 MPI_Unlockall 
= ONE-SIDED COMMUNICATIONS: 0 MPI_Get, 0 MPI_Put, 0 MPI_Accumulate 
= SYNCHRONIZATION: 0 MPI_Win_Flush 
LOAD/STORE STATISTICS: 0 (/17) LOAD and 0 (/10) STORE are instrumented
===========================
ANALYZING function .omp_outlined._debug__...
(1) Get statistics ...done 
(2) Local concurrency errors detection ...LocalConcurrency detected: conflit with the following instructions: 
  %50 = load ptr, ptr %16, align 8, !dbg !101 - LINE 70 in results-20240305-201640/PARCOACH-static/hybrid/006-MPI-hybrid-for-local-yes.c
AND
  %49 = call i32 @MPI_Get(ptr noundef %47, i32 noundef 1, ptr noundef @ompi_mpi_int, i32 noundef 1, i64 noundef 0, i32 noundef 1, ptr noundef @ompi_mpi_int, ptr noundef %48), !dbg !100 - LINE 69 in results-20240305-201640/PARCOACH-static/hybrid/006-MPI-hybrid-for-local-yes.c
LocalConcurrency detected: conflit with the following instructions: 
  %35 = load i32, ptr %12, align 4, !dbg !81 - LINE 65 in results-20240305-201640/PARCOACH-static/hybrid/006-MPI-hybrid-for-local-yes.c
AND
  %49 = call i32 @MPI_Get(ptr noundef %47, i32 noundef 1, ptr noundef @ompi_mpi_int, i32 noundef 1, i64 noundef 0, i32 noundef 1, ptr noundef @ompi_mpi_int, ptr noundef %48), !dbg !100 - LINE 69 in results-20240305-201640/PARCOACH-static/hybrid/006-MPI-hybrid-for-local-yes.c
LocalConcurrency detected: conflit with the following instructions: 
  %44 = load ptr, ptr %16, align 8, !dbg !95 - LINE 67 in results-20240305-201640/PARCOACH-static/hybrid/006-MPI-hybrid-for-local-yes.c
AND
  %49 = call i32 @MPI_Get(ptr noundef %47, i32 noundef 1, ptr noundef @ompi_mpi_int, i32 noundef 1, i64 noundef 0, i32 noundef 1, ptr noundef @ompi_mpi_int, ptr noundef %48), !dbg !100 - LINE 69 in results-20240305-201640/PARCOACH-static/hybrid/006-MPI-hybrid-for-local-yes.c
LocalConcurrency detected: conflit with the following instructions: 
  %46 = load ptr, ptr %17, align 8, !dbg !98 - LINE 69 in results-20240305-201640/PARCOACH-static/hybrid/006-MPI-hybrid-for-local-yes.c
AND
  %49 = call i32 @MPI_Get(ptr noundef %47, i32 noundef 1, ptr noundef @ompi_mpi_int, i32 noundef 1, i64 noundef 0, i32 noundef 1, ptr noundef @ompi_mpi_int, ptr noundef %48), !dbg !100 - LINE 69 in results-20240305-201640/PARCOACH-static/hybrid/006-MPI-hybrid-for-local-yes.c
LocalConcurrency detected: conflit with the following instructions: 
  %48 = load ptr, ptr %16, align 8, !dbg !99 - LINE 69 in results-20240305-201640/PARCOACH-static/hybrid/006-MPI-hybrid-for-local-yes.c
AND
  %49 = call i32 @MPI_Get(ptr noundef %47, i32 noundef 1, ptr noundef @ompi_mpi_int, i32 noundef 1, i64 noundef 0, i32 noundef 1, ptr noundef @ompi_mpi_int, ptr noundef %48), !dbg !100 - LINE 69 in results-20240305-201640/PARCOACH-static/hybrid/006-MPI-hybrid-for-local-yes.c
LocalConcurrency detected: conflit with the following instructions: 
  %49 = call i32 @MPI_Get(ptr noundef %47, i32 noundef 1, ptr noundef @ompi_mpi_int, i32 noundef 1, i64 noundef 0, i32 noundef 1, ptr noundef @ompi_mpi_int, ptr noundef %48), !dbg !100 - LINE 69 in results-20240305-201640/PARCOACH-static/hybrid/006-MPI-hybrid-for-local-yes.c
AND
  %49 = call i32 @MPI_Get(ptr noundef %47, i32 noundef 1, ptr noundef @ompi_mpi_int, i32 noundef 1, i64 noundef 0, i32 noundef 1, ptr noundef @ompi_mpi_int, ptr noundef %48), !dbg !100 - LINE 69 in results-20240305-201640/PARCOACH-static/hybrid/006-MPI-hybrid-for-local-yes.c
LocalConcurrency detected: conflit with the following instructions: 
  %53 = load ptr, ptr %17, align 8, !dbg !104 - LINE 73 in results-20240305-201640/PARCOACH-static/hybrid/006-MPI-hybrid-for-local-yes.c
AND
  %49 = call i32 @MPI_Get(ptr noundef %47, i32 noundef 1, ptr noundef @ompi_mpi_int, i32 noundef 1, i64 noundef 0, i32 noundef 1, ptr noundef @ompi_mpi_int, ptr noundef %48), !dbg !100 - LINE 69 in results-20240305-201640/PARCOACH-static/hybrid/006-MPI-hybrid-for-local-yes.c
LocalConcurrency detected: conflit with the following instructions: 
  %55 = load i32, ptr %54, align 4, !dbg !104 - LINE 73 in results-20240305-201640/PARCOACH-static/hybrid/006-MPI-hybrid-for-local-yes.c
AND
  %49 = call i32 @MPI_Get(ptr noundef %47, i32 noundef 1, ptr noundef @ompi_mpi_int, i32 noundef 1, i64 noundef 0, i32 noundef 1, ptr noundef @ompi_mpi_int, ptr noundef %48), !dbg !100 - LINE 69 in results-20240305-201640/PARCOACH-static/hybrid/006-MPI-hybrid-for-local-yes.c
LocalConcurrency detected: conflit with the following instructions: 
  %64 = load i32, ptr %11, align 4, !dbg !81 - LINE 65 in results-20240305-201640/PARCOACH-static/hybrid/006-MPI-hybrid-for-local-yes.c
AND
  %49 = call i32 @MPI_Get(ptr noundef %47, i32 noundef 1, ptr noundef @ompi_mpi_int, i32 noundef 1, i64 noundef 0, i32 noundef 1, ptr noundef @ompi_mpi_int, ptr noundef %48), !dbg !100 - LINE 69 in results-20240305-201640/PARCOACH-static/hybrid/006-MPI-hybrid-for-local-yes.c
LocalConcurrency detected: conflit with the following instructions: 
  %65 = load i32, ptr %13, align 4, !dbg !81 - LINE 65 in results-20240305-201640/PARCOACH-static/hybrid/006-MPI-hybrid-for-local-yes.c
AND
  %49 = call i32 @MPI_Get(ptr noundef %47, i32 noundef 1, ptr noundef @ompi_mpi_int, i32 noundef 1, i64 noundef 0, i32 noundef 1, ptr noundef @ompi_mpi_int, ptr noundef %48), !dbg !100 - LINE 69 in results-20240305-201640/PARCOACH-static/hybrid/006-MPI-hybrid-for-local-yes.c
LocalConcurrency detected: conflit with the following instructions: 
  store i32 %66, ptr %11, align 4, !dbg !88 - LINE 65 in results-20240305-201640/PARCOACH-static/hybrid/006-MPI-hybrid-for-local-yes.c
AND
  %49 = call i32 @MPI_Get(ptr noundef %47, i32 noundef 1, ptr noundef @ompi_mpi_int, i32 noundef 1, i64 noundef 0, i32 noundef 1, ptr noundef @ompi_mpi_int, ptr noundef %48), !dbg !100 - LINE 69 in results-20240305-201640/PARCOACH-static/hybrid/006-MPI-hybrid-for-local-yes.c
LocalConcurrency detected: conflit with the following instructions: 
  %67 = load i32, ptr %12, align 4, !dbg !81 - LINE 65 in results-20240305-201640/PARCOACH-static/hybrid/006-MPI-hybrid-for-local-yes.c
AND
  %49 = call i32 @MPI_Get(ptr noundef %47, i32 noundef 1, ptr noundef @ompi_mpi_int, i32 noundef 1, i64 noundef 0, i32 noundef 1, ptr noundef @ompi_mpi_int, ptr noundef %48), !dbg !100 - LINE 69 in results-20240305-201640/PARCOACH-static/hybrid/006-MPI-hybrid-for-local-yes.c
LocalConcurrency detected: conflit with the following instructions: 
  %68 = load i32, ptr %13, align 4, !dbg !81 - LINE 65 in results-20240305-201640/PARCOACH-static/hybrid/006-MPI-hybrid-for-local-yes.c
AND
  %49 = call i32 @MPI_Get(ptr noundef %47, i32 noundef 1, ptr noundef @ompi_mpi_int, i32 noundef 1, i64 noundef 0, i32 noundef 1, ptr noundef @ompi_mpi_int, ptr noundef %48), !dbg !100 - LINE 69 in results-20240305-201640/PARCOACH-static/hybrid/006-MPI-hybrid-for-local-yes.c
LocalConcurrency detected: conflit with the following instructions: 
  store i32 %69, ptr %12, align 4, !dbg !88 - LINE 65 in results-20240305-201640/PARCOACH-static/hybrid/006-MPI-hybrid-for-local-yes.c
AND
  %49 = call i32 @MPI_Get(ptr noundef %47, i32 noundef 1, ptr noundef @ompi_mpi_int, i32 noundef 1, i64 noundef 0, i32 noundef 1, ptr noundef @ompi_mpi_int, ptr noundef %48), !dbg !100 - LINE 69 in results-20240305-201640/PARCOACH-static/hybrid/006-MPI-hybrid-for-local-yes.c
LocalConcurrency detected: conflit with the following instructions: 
  %21 = load i32, ptr %12, align 4, !dbg !81 - LINE 65 in results-20240305-201640/PARCOACH-static/hybrid/006-MPI-hybrid-for-local-yes.c
AND
  %49 = call i32 @MPI_Get(ptr noundef %47, i32 noundef 1, ptr noundef @ompi_mpi_int, i32 noundef 1, i64 noundef 0, i32 noundef 1, ptr noundef @ompi_mpi_int, ptr noundef %48), !dbg !100 - LINE 69 in results-20240305-201640/PARCOACH-static/hybrid/006-MPI-hybrid-for-local-yes.c
LocalConcurrency detected: conflit with the following instructions: 
  %25 = load i32, ptr %12, align 4, !dbg !81 - LINE 65 in results-20240305-201640/PARCOACH-static/hybrid/006-MPI-hybrid-for-local-yes.c
AND
  %49 = call i32 @MPI_Get(ptr noundef %47, i32 noundef 1, ptr noundef @ompi_mpi_int, i32 noundef 1, i64 noundef 0, i32 noundef 1, ptr noundef @ompi_mpi_int, ptr noundef %48), !dbg !100 - LINE 69 in results-20240305-201640/PARCOACH-static/hybrid/006-MPI-hybrid-for-local-yes.c
LocalConcurrency detected: conflit with the following instructions: 
  store i32 %27, ptr %12, align 4, !dbg !81 - LINE 65 in results-20240305-201640/PARCOACH-static/hybrid/006-MPI-hybrid-for-local-yes.c
AND
  %49 = call i32 @MPI_Get(ptr noundef %47, i32 noundef 1, ptr noundef @ompi_mpi_int, i32 noundef 1, i64 noundef 0, i32 noundef 1, ptr noundef @ompi_mpi_int, ptr noundef %48), !dbg !100 - LINE 69 in results-20240305-201640/PARCOACH-static/hybrid/006-MPI-hybrid-for-local-yes.c
LocalConcurrency detected: conflit with the following instructions: 
  %28 = load i32, ptr %11, align 4, !dbg !81 - LINE 65 in results-20240305-201640/PARCOACH-static/hybrid/006-MPI-hybrid-for-local-yes.c
AND
  %49 = call i32 @MPI_Get(ptr noundef %47, i32 noundef 1, ptr noundef @ompi_mpi_int, i32 noundef 1, i64 noundef 0, i32 noundef 1, ptr noundef @ompi_mpi_int, ptr noundef %48), !dbg !100 - LINE 69 in results-20240305-201640/PARCOACH-static/hybrid/006-MPI-hybrid-for-local-yes.c
LocalConcurrency detected: conflit with the following instructions: 
  %30 = load i32, ptr %12, align 4, !dbg !81 - LINE 65 in results-20240305-201640/PARCOACH-static/hybrid/006-MPI-hybrid-for-local-yes.c
AND
  %49 = call i32 @MPI_Get(ptr noundef %47, i32 noundef 1, ptr noundef @ompi_mpi_int, i32 noundef 1, i64 noundef 0, i32 noundef 1, ptr noundef @ompi_mpi_int, ptr noundef %48), !dbg !100 - LINE 69 in results-20240305-201640/PARCOACH-static/hybrid/006-MPI-hybrid-for-local-yes.c
done 
(3) Instrumentation for dynamic analysis ...done 
=== STATISTICS === 
3 MPI functions including 3 RMA functions 
= WINDOW CREATION/DESTRUCTION: 0 MPI_Win_free, 0 MPI_Win_create 
= EPOCH CREATION/DESTRUCTION: 0 MPI_Win_fence, 1 MPI_Lock, 0 MPI_Lockall 1 MPI_Unlock, 0 MPI_Unlockall 
= ONE-SIDED COMMUNICATIONS: 1 MPI_Get, 0 MPI_Put, 0 MPI_Accumulate 
= SYNCHRONIZATION: 0 MPI_Win_Flush 
LOAD/STORE STATISTICS: 5 (/24) LOAD and 1 (/14) STORE are instrumented
===========================
ANALYZING function .omp_outlined....
(1) Get statistics ...done 
(2) Local concurrency errors detection ...done 
(3) Instrumentation for dynamic analysis ...done 
=== STATISTICS === 
0 MPI functions including 0 RMA functions 
= WINDOW CREATION/DESTRUCTION: 0 MPI_Win_free, 0 MPI_Win_create 
= EPOCH CREATION/DESTRUCTION: 0 MPI_Win_fence, 0 MPI_Lock, 0 MPI_Lockall 0 MPI_Unlock, 0 MPI_Unlockall 
= ONE-SIDED COMMUNICATIONS: 0 MPI_Get, 0 MPI_Put, 0 MPI_Accumulate 
= SYNCHRONIZATION: 0 MPI_Win_Flush 
LOAD/STORE STATISTICS: 0 (/6) LOAD and 0 (/4) STORE are instrumented
===========================
