===========================
===  PARCOACH ANALYSIS  ===
===========================
===========================
ANALYZING function main...
(1) Get statistics ...done 
(2) Local concurrency errors detection ...done 
(3) Instrumentation for dynamic analysis ...done 
=== STATISTICS === 
12 MPI functions including 2 RMA functions 
= WINDOW CREATION/DESTRUCTION: 1 MPI_Win_free, 1 MPI_Win_create 
= EPOCH CREATION/DESTRUCTION: 0 MPI_Win_fence, 0 MPI_Lock, 0 MPI_Lockall 0 MPI_Unlock, 0 MPI_Unlockall 
= ONE-SIDED COMMUNICATIONS: 0 MPI_Get, 0 MPI_Put, 0 MPI_Accumulate 
= SYNCHRONIZATION: 0 MPI_Win_Flush 
LOAD/STORE STATISTICS: 0 (/17) LOAD and 0 (/10) STORE are instrumented
===========================
ANALYZING function .omp_outlined._debug__...
(1) Get statistics ...done 
(2) Local concurrency errors detection ...LocalConcurrency detected: conflit with the following instructions: 
  %40 = load ptr, ptr %19, align 8, !dbg !87 - LINE 66 in results-20240305-201640/PARCOACH-static/hybrid/008-MPI-hybrid-section-local-no.c
AND
  %39 = call i32 @MPI_Get(ptr noundef %37, i32 noundef 1, ptr noundef @ompi_mpi_int, i32 noundef 1, i64 noundef 0, i32 noundef 1, ptr noundef @ompi_mpi_int, ptr noundef %38), !dbg !86 - LINE 65 in results-20240305-201640/PARCOACH-static/hybrid/008-MPI-hybrid-section-local-no.c
LocalConcurrency detected: conflit with the following instructions: 
  %29 = load i32, ptr %10, align 4, !dbg !78 - LINE 61 in results-20240305-201640/PARCOACH-static/hybrid/008-MPI-hybrid-section-local-no.c
AND
  %39 = call i32 @MPI_Get(ptr noundef %37, i32 noundef 1, ptr noundef @ompi_mpi_int, i32 noundef 1, i64 noundef 0, i32 noundef 1, ptr noundef @ompi_mpi_int, ptr noundef %38), !dbg !86 - LINE 65 in results-20240305-201640/PARCOACH-static/hybrid/008-MPI-hybrid-section-local-no.c
LocalConcurrency detected: conflit with the following instructions: 
  store i32 0, ptr %14, align 4, !dbg !92 - LINE 70 in results-20240305-201640/PARCOACH-static/hybrid/008-MPI-hybrid-section-local-no.c
AND
  %39 = call i32 @MPI_Get(ptr noundef %37, i32 noundef 1, ptr noundef @ompi_mpi_int, i32 noundef 1, i64 noundef 0, i32 noundef 1, ptr noundef @ompi_mpi_int, ptr noundef %38), !dbg !86 - LINE 65 in results-20240305-201640/PARCOACH-static/hybrid/008-MPI-hybrid-section-local-no.c
LocalConcurrency detected: conflit with the following instructions: 
  store i32 0, ptr %15, align 4, !dbg !92 - LINE 70 in results-20240305-201640/PARCOACH-static/hybrid/008-MPI-hybrid-section-local-no.c
AND
  %39 = call i32 @MPI_Get(ptr noundef %37, i32 noundef 1, ptr noundef @ompi_mpi_int, i32 noundef 1, i64 noundef 0, i32 noundef 1, ptr noundef @ompi_mpi_int, ptr noundef %38), !dbg !86 - LINE 65 in results-20240305-201640/PARCOACH-static/hybrid/008-MPI-hybrid-section-local-no.c
LocalConcurrency detected: conflit with the following instructions: 
  store i32 1, ptr %16, align 4, !dbg !92 - LINE 70 in results-20240305-201640/PARCOACH-static/hybrid/008-MPI-hybrid-section-local-no.c
AND
  %39 = call i32 @MPI_Get(ptr noundef %37, i32 noundef 1, ptr noundef @ompi_mpi_int, i32 noundef 1, i64 noundef 0, i32 noundef 1, ptr noundef @ompi_mpi_int, ptr noundef %38), !dbg !86 - LINE 65 in results-20240305-201640/PARCOACH-static/hybrid/008-MPI-hybrid-section-local-no.c
LocalConcurrency detected: conflit with the following instructions: 
  store i32 0, ptr %17, align 4, !dbg !92 - LINE 70 in results-20240305-201640/PARCOACH-static/hybrid/008-MPI-hybrid-section-local-no.c
AND
  %39 = call i32 @MPI_Get(ptr noundef %37, i32 noundef 1, ptr noundef @ompi_mpi_int, i32 noundef 1, i64 noundef 0, i32 noundef 1, ptr noundef @ompi_mpi_int, ptr noundef %38), !dbg !86 - LINE 65 in results-20240305-201640/PARCOACH-static/hybrid/008-MPI-hybrid-section-local-no.c
LocalConcurrency detected: conflit with the following instructions: 
  %47 = load i32, ptr %15, align 4, !dbg !92 - LINE 70 in results-20240305-201640/PARCOACH-static/hybrid/008-MPI-hybrid-section-local-no.c
AND
  %39 = call i32 @MPI_Get(ptr noundef %37, i32 noundef 1, ptr noundef @ompi_mpi_int, i32 noundef 1, i64 noundef 0, i32 noundef 1, ptr noundef @ompi_mpi_int, ptr noundef %38), !dbg !86 - LINE 65 in results-20240305-201640/PARCOACH-static/hybrid/008-MPI-hybrid-section-local-no.c
LocalConcurrency detected: conflit with the following instructions: 
  store i32 %49, ptr %15, align 4, !dbg !92 - LINE 70 in results-20240305-201640/PARCOACH-static/hybrid/008-MPI-hybrid-section-local-no.c
AND
  %39 = call i32 @MPI_Get(ptr noundef %37, i32 noundef 1, ptr noundef @ompi_mpi_int, i32 noundef 1, i64 noundef 0, i32 noundef 1, ptr noundef @ompi_mpi_int, ptr noundef %38), !dbg !86 - LINE 65 in results-20240305-201640/PARCOACH-static/hybrid/008-MPI-hybrid-section-local-no.c
LocalConcurrency detected: conflit with the following instructions: 
  %50 = load i32, ptr %14, align 4, !dbg !92 - LINE 70 in results-20240305-201640/PARCOACH-static/hybrid/008-MPI-hybrid-section-local-no.c
AND
  %39 = call i32 @MPI_Get(ptr noundef %37, i32 noundef 1, ptr noundef @ompi_mpi_int, i32 noundef 1, i64 noundef 0, i32 noundef 1, ptr noundef @ompi_mpi_int, ptr noundef %38), !dbg !86 - LINE 65 in results-20240305-201640/PARCOACH-static/hybrid/008-MPI-hybrid-section-local-no.c
LocalConcurrency detected: conflit with the following instructions: 
  %34 = load ptr, ptr %19, align 8, !dbg !80 - LINE 64 in results-20240305-201640/PARCOACH-static/hybrid/008-MPI-hybrid-section-local-no.c
AND
  %39 = call i32 @MPI_Get(ptr noundef %37, i32 noundef 1, ptr noundef @ompi_mpi_int, i32 noundef 1, i64 noundef 0, i32 noundef 1, ptr noundef @ompi_mpi_int, ptr noundef %38), !dbg !86 - LINE 65 in results-20240305-201640/PARCOACH-static/hybrid/008-MPI-hybrid-section-local-no.c
LocalConcurrency detected: conflit with the following instructions: 
  %36 = load ptr, ptr %20, align 8, !dbg !84 - LINE 65 in results-20240305-201640/PARCOACH-static/hybrid/008-MPI-hybrid-section-local-no.c
AND
  %39 = call i32 @MPI_Get(ptr noundef %37, i32 noundef 1, ptr noundef @ompi_mpi_int, i32 noundef 1, i64 noundef 0, i32 noundef 1, ptr noundef @ompi_mpi_int, ptr noundef %38), !dbg !86 - LINE 65 in results-20240305-201640/PARCOACH-static/hybrid/008-MPI-hybrid-section-local-no.c
LocalConcurrency detected: conflit with the following instructions: 
  %38 = load ptr, ptr %19, align 8, !dbg !85 - LINE 65 in results-20240305-201640/PARCOACH-static/hybrid/008-MPI-hybrid-section-local-no.c
AND
  %39 = call i32 @MPI_Get(ptr noundef %37, i32 noundef 1, ptr noundef @ompi_mpi_int, i32 noundef 1, i64 noundef 0, i32 noundef 1, ptr noundef @ompi_mpi_int, ptr noundef %38), !dbg !86 - LINE 65 in results-20240305-201640/PARCOACH-static/hybrid/008-MPI-hybrid-section-local-no.c
LocalConcurrency detected: conflit with the following instructions: 
  %39 = call i32 @MPI_Get(ptr noundef %37, i32 noundef 1, ptr noundef @ompi_mpi_int, i32 noundef 1, i64 noundef 0, i32 noundef 1, ptr noundef @ompi_mpi_int, ptr noundef %38), !dbg !86 - LINE 65 in results-20240305-201640/PARCOACH-static/hybrid/008-MPI-hybrid-section-local-no.c
AND
  %39 = call i32 @MPI_Get(ptr noundef %37, i32 noundef 1, ptr noundef @ompi_mpi_int, i32 noundef 1, i64 noundef 0, i32 noundef 1, ptr noundef @ompi_mpi_int, ptr noundef %38), !dbg !86 - LINE 65 in results-20240305-201640/PARCOACH-static/hybrid/008-MPI-hybrid-section-local-no.c
LocalConcurrency detected: conflit with the following instructions: 
  %53 = load i32, ptr %15, align 4, !dbg !93 - LINE 70 in results-20240305-201640/PARCOACH-static/hybrid/008-MPI-hybrid-section-local-no.c
AND
  %39 = call i32 @MPI_Get(ptr noundef %37, i32 noundef 1, ptr noundef @ompi_mpi_int, i32 noundef 1, i64 noundef 0, i32 noundef 1, ptr noundef @ompi_mpi_int, ptr noundef %38), !dbg !86 - LINE 65 in results-20240305-201640/PARCOACH-static/hybrid/008-MPI-hybrid-section-local-no.c
LocalConcurrency detected: conflit with the following instructions: 
  %58 = load ptr, ptr %20, align 8, !dbg !95 - LINE 73 in results-20240305-201640/PARCOACH-static/hybrid/008-MPI-hybrid-section-local-no.c
AND
  %39 = call i32 @MPI_Get(ptr noundef %37, i32 noundef 1, ptr noundef @ompi_mpi_int, i32 noundef 1, i64 noundef 0, i32 noundef 1, ptr noundef @ompi_mpi_int, ptr noundef %38), !dbg !86 - LINE 65 in results-20240305-201640/PARCOACH-static/hybrid/008-MPI-hybrid-section-local-no.c
LocalConcurrency detected: conflit with the following instructions: 
  %60 = load i32, ptr %59, align 4, !dbg !95 - LINE 73 in results-20240305-201640/PARCOACH-static/hybrid/008-MPI-hybrid-section-local-no.c
AND
  %39 = call i32 @MPI_Get(ptr noundef %37, i32 noundef 1, ptr noundef @ompi_mpi_int, i32 noundef 1, i64 noundef 0, i32 noundef 1, ptr noundef @ompi_mpi_int, ptr noundef %38), !dbg !86 - LINE 65 in results-20240305-201640/PARCOACH-static/hybrid/008-MPI-hybrid-section-local-no.c
done 
(3) Instrumentation for dynamic analysis ...done 
=== STATISTICS === 
3 MPI functions including 3 RMA functions 
= WINDOW CREATION/DESTRUCTION: 0 MPI_Win_free, 0 MPI_Win_create 
= EPOCH CREATION/DESTRUCTION: 0 MPI_Win_fence, 1 MPI_Lock, 0 MPI_Lockall 1 MPI_Unlock, 0 MPI_Unlockall 
= ONE-SIDED COMMUNICATIONS: 1 MPI_Get, 0 MPI_Put, 0 MPI_Accumulate 
= SYNCHRONIZATION: 0 MPI_Win_Flush 
LOAD/STORE STATISTICS: 3 (/22) LOAD and 1 (/18) STORE are instrumented
===========================
ANALYZING function .omp_outlined....
(1) Get statistics ...done 
(2) Local concurrency errors detection ...done 
(3) Instrumentation for dynamic analysis ...done 
=== STATISTICS === 
0 MPI functions including 0 RMA functions 
= WINDOW CREATION/DESTRUCTION: 0 MPI_Win_free, 0 MPI_Win_create 
= EPOCH CREATION/DESTRUCTION: 0 MPI_Win_fence, 0 MPI_Lock, 0 MPI_Lockall 0 MPI_Unlock, 0 MPI_Unlockall 
= ONE-SIDED COMMUNICATIONS: 0 MPI_Get, 0 MPI_Put, 0 MPI_Accumulate 
= SYNCHRONIZATION: 0 MPI_Win_Flush 
LOAD/STORE STATISTICS: 0 (/6) LOAD and 0 (/4) STORE are instrumented
===========================
