===========================
===  PARCOACH ANALYSIS  ===
===========================
===========================
ANALYZING function main...
(1) Get statistics ...done 
(2) Local concurrency errors detection ...LocalConcurrency detected: conflit with the following instructions: 
  store i32 42, ptr %47, align 4, !dbg !110 - LINE 58 in results-20240305-201640/PARCOACH-static/conflict/005-MPI-conflict-get-store-local-yes.c
AND
  %46 = call i32 @MPI_Get(ptr noundef %44, i32 noundef 1, ptr noundef @ompi_mpi_int, i32 noundef 1, i64 noundef 0, i32 noundef 1, ptr noundef @ompi_mpi_int, ptr noundef %45), !dbg !108 - LINE 56 in results-20240305-201640/PARCOACH-static/conflict/005-MPI-conflict-get-store-local-yes.c
LocalConcurrency detected: conflit with the following instructions: 
  %49 = load ptr, ptr %8, align 8, !dbg !112 - LINE 60 in results-20240305-201640/PARCOACH-static/conflict/005-MPI-conflict-get-store-local-yes.c
AND
  %46 = call i32 @MPI_Get(ptr noundef %44, i32 noundef 1, ptr noundef @ompi_mpi_int, i32 noundef 1, i64 noundef 0, i32 noundef 1, ptr noundef @ompi_mpi_int, ptr noundef %45), !dbg !108 - LINE 56 in results-20240305-201640/PARCOACH-static/conflict/005-MPI-conflict-get-store-local-yes.c
done 
(3) Instrumentation for dynamic analysis ...done 
=== STATISTICS === 
11 MPI functions including 5 RMA functions 
= WINDOW CREATION/DESTRUCTION: 1 MPI_Win_free, 1 MPI_Win_create 
= EPOCH CREATION/DESTRUCTION: 2 MPI_Win_fence, 0 MPI_Lock, 0 MPI_Lockall 0 MPI_Unlock, 0 MPI_Unlockall 
= ONE-SIDED COMMUNICATIONS: 1 MPI_Get, 0 MPI_Put, 0 MPI_Accumulate 
= SYNCHRONIZATION: 0 MPI_Win_Flush 
LOAD/STORE STATISTICS: 12 (/18) LOAD and 2 (/11) STORE are instrumented
===========================
