===========================
===  PARCOACH ANALYSIS  ===
===========================
===========================
ANALYZING function main...
(1) Get statistics ...done 
(2) Local concurrency errors detection ...LocalConcurrency detected: conflit with the following instructions: 
  %48 = load ptr, ptr %8, align 8, !dbg !110 - LINE 58 in results-20240305-201640/PARCOACH-static/conflict/006-MPI-conflict-get-put-local-yes.c
AND
  %46 = call i32 @MPI_Get(ptr noundef %44, i32 noundef 1, ptr noundef @ompi_mpi_int, i32 noundef 1, i64 noundef 0, i32 noundef 1, ptr noundef @ompi_mpi_int, ptr noundef %45), !dbg !108 - LINE 56 in results-20240305-201640/PARCOACH-static/conflict/006-MPI-conflict-get-put-local-yes.c
LocalConcurrency detected: conflit with the following instructions: 
  %49 = call i32 @MPI_Put(ptr noundef %47, i32 noundef 1, ptr noundef @ompi_mpi_int, i32 noundef 1, i64 noundef 0, i32 noundef 1, ptr noundef @ompi_mpi_int, ptr noundef %48), !dbg !111 - LINE 58 in results-20240305-201640/PARCOACH-static/conflict/006-MPI-conflict-get-put-local-yes.c
AND
  %46 = call i32 @MPI_Get(ptr noundef %44, i32 noundef 1, ptr noundef @ompi_mpi_int, i32 noundef 1, i64 noundef 0, i32 noundef 1, ptr noundef @ompi_mpi_int, ptr noundef %45), !dbg !108 - LINE 56 in results-20240305-201640/PARCOACH-static/conflict/006-MPI-conflict-get-put-local-yes.c
LocalConcurrency detected: conflit with the following instructions: 
  %51 = load ptr, ptr %8, align 8, !dbg !113 - LINE 60 in results-20240305-201640/PARCOACH-static/conflict/006-MPI-conflict-get-put-local-yes.c
AND
  %46 = call i32 @MPI_Get(ptr noundef %44, i32 noundef 1, ptr noundef @ompi_mpi_int, i32 noundef 1, i64 noundef 0, i32 noundef 1, ptr noundef @ompi_mpi_int, ptr noundef %45), !dbg !108 - LINE 56 in results-20240305-201640/PARCOACH-static/conflict/006-MPI-conflict-get-put-local-yes.c
done 
(3) Instrumentation for dynamic analysis ...done 
=== STATISTICS === 
12 MPI functions including 6 RMA functions 
= WINDOW CREATION/DESTRUCTION: 1 MPI_Win_free, 1 MPI_Win_create 
= EPOCH CREATION/DESTRUCTION: 2 MPI_Win_fence, 0 MPI_Lock, 0 MPI_Lockall 0 MPI_Unlock, 0 MPI_Unlockall 
= ONE-SIDED COMMUNICATIONS: 1 MPI_Get, 1 MPI_Put, 0 MPI_Accumulate 
= SYNCHRONIZATION: 0 MPI_Win_Flush 
LOAD/STORE STATISTICS: 13 (/19) LOAD and 1 (/10) STORE are instrumented
===========================
