===========================
===  PARCOACH ANALYSIS  ===
===========================
===========================
ANALYZING function main...
(1) Get statistics ...done 
(2) Local concurrency errors detection ...LocalConcurrency detected: conflit with the following instructions: 
  %49 = load i32, ptr %10, align 4, !dbg !116 - LINE 57 in results-20240305-201640/PARCOACH-static/sync/004-MPI-sync-lock-local-no.c
AND
  %46 = call i32 @MPI_Get(ptr noundef %10, i32 noundef 1, ptr noundef @ompi_mpi_int, i32 noundef 1, i64 noundef 0, i32 noundef 1, ptr noundef @ompi_mpi_int, ptr noundef %45), !dbg !113 - LINE 55 in results-20240305-201640/PARCOACH-static/sync/004-MPI-sync-lock-local-no.c
LocalConcurrency detected: conflit with the following instructions: 
  %55 = load i32, ptr %54, align 4, !dbg !122 - LINE 63 in results-20240305-201640/PARCOACH-static/sync/004-MPI-sync-lock-local-no.c
AND
  %46 = call i32 @MPI_Get(ptr noundef %10, i32 noundef 1, ptr noundef @ompi_mpi_int, i32 noundef 1, i64 noundef 0, i32 noundef 1, ptr noundef @ompi_mpi_int, ptr noundef %45), !dbg !113 - LINE 55 in results-20240305-201640/PARCOACH-static/sync/004-MPI-sync-lock-local-no.c
LocalConcurrency detected: conflit with the following instructions: 
  %59 = load i32, ptr %58, align 4, !dbg !124 - LINE 63 in results-20240305-201640/PARCOACH-static/sync/004-MPI-sync-lock-local-no.c
AND
  %46 = call i32 @MPI_Get(ptr noundef %10, i32 noundef 1, ptr noundef @ompi_mpi_int, i32 noundef 1, i64 noundef 0, i32 noundef 1, ptr noundef @ompi_mpi_int, ptr noundef %45), !dbg !113 - LINE 55 in results-20240305-201640/PARCOACH-static/sync/004-MPI-sync-lock-local-no.c
done 
(3) Instrumentation for dynamic analysis ...done 
=== STATISTICS === 
12 MPI functions including 5 RMA functions 
= WINDOW CREATION/DESTRUCTION: 1 MPI_Win_free, 1 MPI_Win_create 
= EPOCH CREATION/DESTRUCTION: 0 MPI_Win_fence, 1 MPI_Lock, 0 MPI_Lockall 1 MPI_Unlock, 0 MPI_Unlockall 
= ONE-SIDED COMMUNICATIONS: 1 MPI_Get, 0 MPI_Put, 0 MPI_Accumulate 
= SYNCHRONIZATION: 0 MPI_Win_Flush 
LOAD/STORE STATISTICS: 9 (/17) LOAD and 1 (/10) STORE are instrumented
===========================
