===========================
===  PARCOACH ANALYSIS  ===
===========================
===========================
ANALYZING function main...
(1) Get statistics ...done 
(2) Local concurrency errors detection ...LocalConcurrency detected: conflit with the following instructions: 
  %56 = load i32, ptr %10, align 4, !dbg !128 - LINE 68 in results-20240305-201640/PARCOACH-static/sync/011-MPI-sync-pscw-local-yes.c
AND
  %55 = call i32 @MPI_Get(ptr noundef %10, i32 noundef 1, ptr noundef @ompi_mpi_int, i32 noundef 1, i64 noundef 0, i32 noundef 1, ptr noundef @ompi_mpi_int, ptr noundef %54), !dbg !127 - LINE 66 in results-20240305-201640/PARCOACH-static/sync/011-MPI-sync-pscw-local-yes.c
LocalConcurrency detected: conflit with the following instructions: 
  %72 = load i32, ptr %71, align 4, !dbg !148 - LINE 81 in results-20240305-201640/PARCOACH-static/sync/011-MPI-sync-pscw-local-yes.c
AND
  %55 = call i32 @MPI_Get(ptr noundef %10, i32 noundef 1, ptr noundef @ompi_mpi_int, i32 noundef 1, i64 noundef 0, i32 noundef 1, ptr noundef @ompi_mpi_int, ptr noundef %54), !dbg !127 - LINE 66 in results-20240305-201640/PARCOACH-static/sync/011-MPI-sync-pscw-local-yes.c
LocalConcurrency detected: conflit with the following instructions: 
  %76 = load i32, ptr %75, align 4, !dbg !150 - LINE 81 in results-20240305-201640/PARCOACH-static/sync/011-MPI-sync-pscw-local-yes.c
AND
  %55 = call i32 @MPI_Get(ptr noundef %10, i32 noundef 1, ptr noundef @ompi_mpi_int, i32 noundef 1, i64 noundef 0, i32 noundef 1, ptr noundef @ompi_mpi_int, ptr noundef %54), !dbg !127 - LINE 66 in results-20240305-201640/PARCOACH-static/sync/011-MPI-sync-pscw-local-yes.c
done 
(3) Instrumentation for dynamic analysis ...done 
=== STATISTICS === 
17 MPI functions including 3 RMA functions 
= WINDOW CREATION/DESTRUCTION: 1 MPI_Win_free, 1 MPI_Win_create 
= EPOCH CREATION/DESTRUCTION: 0 MPI_Win_fence, 0 MPI_Lock, 0 MPI_Lockall 0 MPI_Unlock, 0 MPI_Unlockall 
= ONE-SIDED COMMUNICATIONS: 1 MPI_Get, 0 MPI_Put, 0 MPI_Accumulate 
= SYNCHRONIZATION: 0 MPI_Win_Flush 
LOAD/STORE STATISTICS: 0 (/23) LOAD and 0 (/12) STORE are instrumented
===========================
