Using prebuild /home/user/.cache/must/prebuilds/c68e094d2eb7a367fa3fd65ca3555a22
Using prebuild /home/user/.cache/must/prebuilds/c68e094d2eb7a367fa3fd65ca3555a22
[MUST] MUST configuration ... distributed checks without application crash handling
[MUST] Information: overwritting old intermediate data in directory "/rmaracebench/must_temp"!
[MUST] Using prebuilt infrastructure at /home/user/.cache/must/prebuilds/c68e094d2eb7a367fa3fd65ca3555a22
[MUST] Infrastructure in "/home/user/.cache/must/prebuilds/c68e094d2eb7a367fa3fd65ca3555a22" is present and used.
[MUST] Search for linked P^nMPI ... not found ... using LD_PRELOAD to load P^nMPI ... success
[MUST] Note: Full ThreadSanitizer support requires the application to be built with either a GNU-based compiler in version 9 to 11 or an LLVM-based compiler in version 6 to 13.
[MUST] Note: MPI RMA support requires the application to be built with Clang >= 15.Executing application:
insert (win 135531988118016): 0x7b1000025038
==================
[1m[31mWARNING: ThreadSanitizer: double lock of a mutex (pid=104984)
[1m[0m    #0 AnnotateRWLockAcquired /externals/MUST/externals/RMAOptimizerPlugin/external/compiler-rt/compiler-rt/lib/tsan/rtl/tsan_interface_ann.cpp:190 (027-MPI-sync-lock-exclusive-remote-no.c.exe-must+0x7ccb9) (BuildId: 0fb66d5f03d100d7ce720af9c35904ad557af91b)
    #1 must::TargetChecks::targetOpComplete(unsigned long, unsigned long, unsigned long*, int) ??:? (libtargetChecks.so+0xed57) (BuildId: e7a510da0f1579816df6a8be5c038af936cb5847)

[1m[32m  Location is heap block of size 64 at 0x7b1000025000 allocated by main thread:
[1m[0m    #0 malloc /externals/MUST/externals/RMAOptimizerPlugin/external/compiler-rt/compiler-rt/lib/tsan/rtl/tsan_interceptors_posix.cpp:692 (027-MPI-sync-lock-exclusive-remote-no.c.exe-must+0x29de1) (BuildId: 0fb66d5f03d100d7ce720af9c35904ad557af91b)
    #1 must::DataPool<must::AnnData, 4>::newDatas() ??:? (libappThrAnn.so+0x113b5) (BuildId: 3e741608200864273b517c786cf3be4b4f185503)
    #2 __libc_init_first ??:? (libc.so.6+0x27249) (BuildId: 82ce4e6e4ef08fa58a3535f7437bd3e592db5ac0)

[1m[35m  Mutex M0 (0x7b1000025038) created at:
[1m[0m    #0 AnnotateRWLockAcquired /externals/MUST/externals/RMAOptimizerPlugin/external/compiler-rt/compiler-rt/lib/tsan/rtl/tsan_interface_ann.cpp:190 (027-MPI-sync-lock-exclusive-remote-no.c.exe-must+0x7ccb9) (BuildId: 0fb66d5f03d100d7ce720af9c35904ad557af91b)
    #1 must::AppThrAnn::winLock(unsigned long, unsigned long, int, int, unsigned long) ??:? (libappThrAnn.so+0xe961) (BuildId: 3e741608200864273b517c786cf3be4b4f185503)
    #2 __libc_init_first ??:? (libc.so.6+0x27249) (BuildId: 82ce4e6e4ef08fa58a3535f7437bd3e592db5ac0)

SUMMARY: ThreadSanitizer: double lock of a mutex ??:? in must::TargetChecks::targetOpComplete(unsigned long, unsigned long, unsigned long*, int)
==================
win_base[0] is 1
Process 0: Execution finished, variable contents: value = 1, value2 = 2, win_base[0] = 0
Process 1: Execution finished, variable contents: value = 1, value2 = 2, win_base[0] = 1
[MUST-REPORT] MUST detected no MPI usage errors nor any suspicious behavior during this application run.
ThreadSanitizer: reported 1 warnings
[MUST] Execution finished.
