Using prebuild /home/user/.cache/must/prebuilds/c68e094d2eb7a367fa3fd65ca3555a22
Using prebuild /home/user/.cache/must/prebuilds/c68e094d2eb7a367fa3fd65ca3555a22
[MUST] MUST configuration ... distributed checks without application crash handling
[MUST] Information: overwritting old intermediate data in directory "/rmaracebench/must_temp"!
[MUST] Using prebuilt infrastructure at /home/user/.cache/must/prebuilds/c68e094d2eb7a367fa3fd65ca3555a22
[MUST] Weaver ... success
[MUST] Generating P^nMPI configuration ... success
[MUST] Infrastructure in "/home/user/.cache/must/prebuilds/c68e094d2eb7a367fa3fd65ca3555a22" is present and used.
[MUST] Search for linked P^nMPI ... not found ... using LD_PRELOAD to load P^nMPI ... success
[MUST] Note: Full ThreadSanitizer support requires the application to be built with either a GNU-based compiler in version 9 to 11 or an LLVM-based compiler in version 6 to 13.
[MUST] Note: MPI RMA support requires the application to be built with Clang >= 15.Executing application:
insert (win 135531988118016): 0x7b1000025078
==================
[1m[31mWARNING: ThreadSanitizer: double lock of a mutex (pid=107799)
[1m[0m    #0 AnnotateRWLockAcquired /externals/MUST/externals/RMAOptimizerPlugin/external/compiler-rt/compiler-rt/lib/tsan/rtl/tsan_interface_ann.cpp:190 (036-MPI-sync-polling-remote-yes.c.exe-must+0x7ccb9) (BuildId: a4b216a2f661ad2573b798bb39f15207d90b5927)
    #1 must::TargetChecks::targetOpComplete(unsigned long, unsigned long, unsigned long*, int) ??:? (libtargetChecks.so+0xed57) (BuildId: e7a510da0f1579816df6a8be5c038af936cb5847)

[1m[32m  Location is heap block of size 64 at 0x7b1000025040 allocated by main thread:
[1m[0m    #0 malloc /externals/MUST/externals/RMAOptimizerPlugin/external/compiler-rt/compiler-rt/lib/tsan/rtl/tsan_interceptors_posix.cpp:692 (036-MPI-sync-polling-remote-yes.c.exe-must+0x29de1) (BuildId: a4b216a2f661ad2573b798bb39f15207d90b5927)
    #1 must::DataPool<must::AnnData, 4>::newDatas() ??:? (libappThrAnn.so+0x113b5) (BuildId: 3e741608200864273b517c786cf3be4b4f185503)
    #2 __libc_init_first ??:? (libc.so.6+0x27249) (BuildId: 82ce4e6e4ef08fa58a3535f7437bd3e592db5ac0)

[1m[35m  Mutex M0 (0x7b1000025078) created at:
[1m[0m    #0 AnnotateRWLockAcquired /externals/MUST/externals/RMAOptimizerPlugin/external/compiler-rt/compiler-rt/lib/tsan/rtl/tsan_interface_ann.cpp:190 (036-MPI-sync-polling-remote-yes.c.exe-must+0x7ccb9) (BuildId: a4b216a2f661ad2573b798bb39f15207d90b5927)
    #1 must::AppThrAnn::winLock(unsigned long, unsigned long, int, int, unsigned long) ??:? (libappThrAnn.so+0xe961) (BuildId: 3e741608200864273b517c786cf3be4b4f185503)
    #2 __libc_init_first ??:? (libc.so.6+0x27249) (BuildId: 82ce4e6e4ef08fa58a3535f7437bd3e592db5ac0)

SUMMARY: ThreadSanitizer: double lock of a mutex ??:? in must::TargetChecks::targetOpComplete(unsigned long, unsigned long, unsigned long*, int)
==================
==================
[1m[31mWARNING: ThreadSanitizer: data race (pid=107799)
[1m[0m[1m[34m  Write of size 4 at 0x7f1933d02008 by thread T14 (mutexes: write M0):
[1m[0m    #0 MPI_Put ??:? (libpnmpi.so+0x90a50) (BuildId: 05175fe2db8438a60158cd2bbcb989ce0843156e)
    #1 <null> <null> (0xfffffffffffffff)
    #2 <null> <null> (0x000100000000)
    #3 <null> <null> (0x000100000006)
    #4 <null> <null> (0x5606c6227c6e)

[1m[34m  Previous read of size 4 at 0x7f1933d02008 by main thread:
[1m[0m    #0 main /rmaracebench/results-20240305-210746/MUST/sync/036-MPI-sync-polling-remote-yes.c:67 (036-MPI-sync-polling-remote-yes.c.exe-must+0xd9be3) (BuildId: a4b216a2f661ad2573b798bb39f15207d90b5927)

[1m[32m  Location is global '<null>' at 0x000000000000 (osc_rdma.8c5919991b82.e4120001.10 (deleted)+0x2008)

[1m[0m[1m[35m  Mutex M0 (0x7b1000025078) created at:
[1m[0m    #0 AnnotateRWLockAcquired /externals/MUST/externals/RMAOptimizerPlugin/external/compiler-rt/compiler-rt/lib/tsan/rtl/tsan_interface_ann.cpp:190 (036-MPI-sync-polling-remote-yes.c.exe-must+0x7ccb9) (BuildId: a4b216a2f661ad2573b798bb39f15207d90b5927)
    #1 must::AppThrAnn::winLock(unsigned long, unsigned long, int, int, unsigned long) ??:? (libappThrAnn.so+0xe961) (BuildId: 3e741608200864273b517c786cf3be4b4f185503)
    #2 __libc_init_first ??:? (libc.so.6+0x27249) (BuildId: 82ce4e6e4ef08fa58a3535f7437bd3e592db5ac0)

[1m[36m  Thread T14 'rank 0' (tid=0, running) created by thread T3 at:
[1m[0m    #0 must::TargetChecks::targetOpComplete(unsigned long, unsigned long, unsigned long*, int) ??:? (libtargetChecks.so+0xebba) (BuildId: e7a510da0f1579816df6a8be5c038af936cb5847)

SUMMARY: ThreadSanitizer: data race ??:? in MPI_Put
==================
Process 1: Execution finished, variable contents: value = 1, value2 = 2, win_base[0] = 1
Process 0: Execution finished, variable contents: value = 1, value2 = 2, win_base[0] = 0
/usr/bin/addr2line: '-f': No such file
[MUST-REPORT] Error: from: call main@1: Remote data race at rank 1 between a write of size 4 at MPI_Put@1 from rank 0 and a previous read of size 4 at main@2 from rank 1.
[MUST-REPORT]  Representative location:
[MUST-REPORT] #0  main@/rmaracebench/results-20240305-210746/MUST/sync/036-MPI-sync-polling-remote-yes.c:67
[MUST-REPORT]  References of a representative process:
[MUST-REPORT] Reference 1: call MPI_Put@rank 0, threadid 1;
[MUST-REPORT] Stacktrace:
[MUST-REPORT] #0  main@/rmaracebench/results-20240305-210746/MUST/sync/036-MPI-sync-polling-remote-yes.c:61
[MUST-REPORT] Reference 2: call mainmain
[MUST-REPORT] /rmaracebench/results-20240305-210746/MUST/sync/036-MPI-sync-polling-remote-yes.c:67
[MUST-REPORT] @rank 1, threadid 0;
[MUST-REPORT] Stacktrace:
[MUST-REPORT] #0  main@/rmaracebench/results-20240305-210746/MUST/sync/036-MPI-sync-polling-remote-yes.c:67
[MUST-REPORT] 
ThreadSanitizer: reported 2 warnings
[MUST] Execution finished.
