Using prebuild /home/user/.cache/must/prebuilds/c68e094d2eb7a367fa3fd65ca3555a22
Using prebuild /home/user/.cache/must/prebuilds/c68e094d2eb7a367fa3fd65ca3555a22
[MUST] MUST configuration ... distributed checks without application crash handling
[MUST] Information: overwritting old intermediate data in directory "/rmaracebench/must_temp"!
[MUST] Using prebuilt infrastructure at /home/user/.cache/must/prebuilds/c68e094d2eb7a367fa3fd65ca3555a22
[MUST] Infrastructure in "/home/user/.cache/must/prebuilds/c68e094d2eb7a367fa3fd65ca3555a22" is present and used.
[MUST] Search for linked P^nMPI ... not found ... using LD_PRELOAD to load P^nMPI ... success
[MUST] Note: Full ThreadSanitizer support requires the application to be built with either a GNU-based compiler in version 9 to 11 or an LLVM-based compiler in version 6 to 13.
[MUST] Note: MPI RMA support requires the application to be built with Clang >= 15.Executing application:
==================
[1m[31mWARNING: ThreadSanitizer: data race (pid=38073)
[1m[0m[1m[34m  Read of size 4 at 0x7f07acb02008 by thread T14:
[1m[0m    #0 MPI_Get ??:? (libpnmpi.so+0x874c0) (BuildId: 05175fe2db8438a60158cd2bbcb989ce0843156e)
    #1 <null> <null> (0xfffffffffffffff)
    #2 <null> <null> (0x000100000000)
    #3 <null> <null> (0x000100000005)
    #4 <null> <null> (0x558d266dcd1f)

[1m[34m  Previous write of size 4 at 0x7f07acb02008 by main thread:
[1m[0m    #0 main /rmaracebench/results-20240305-201640/MUST/misc/024-MPI-misc-get-store-aliasing-remote.c:69 (024-MPI-misc-get-store-aliasing-remote.c.exe-must+0xd9cda) (BuildId: 4d85607328e03532536ff1c382bbf635281d0721)

[1m[32m  Location is global '<null>' at 0x000000000000 (osc_rdma.8c5919991b82.d5b50001.10 (deleted)+0x2008)

[1m[0m[1m[36m  Thread T14 'rank 0' (tid=0, running) created by thread T3 at:
[1m[0m    #0 must::TargetChecks::targetOpComplete(unsigned long, unsigned long, unsigned long*, int) ??:? (libtargetChecks.so+0xebba) (BuildId: e7a510da0f1579816df6a8be5c038af936cb5847)

SUMMARY: ThreadSanitizer: data race ??:? in MPI_Get
==================
Process 1: Execution finished, variable contents: value = 1, value2 = 2, win_base[0] = 42
Process 0: Execution finished, variable contents: value = 42, value2 = 2, win_base[0] = 0
/usr/bin/addr2line: '-f': No such file
[MUST-REPORT] Error: from: call main@1: Remote data race at rank 1 between a read of size 4 at MPI_Get@1 from rank 0 and a previous write of size 4 at main@2 from rank 1.
[MUST-REPORT]  Representative location:
[MUST-REPORT] #0  main@/rmaracebench/results-20240305-201640/MUST/misc/024-MPI-misc-get-store-aliasing-remote.c:69
[MUST-REPORT]  References of a representative process:
[MUST-REPORT] Reference 1: call MPI_Get@rank 0, threadid 1;
[MUST-REPORT] Stacktrace:
[MUST-REPORT] #0  main@/rmaracebench/results-20240305-201640/MUST/misc/024-MPI-misc-get-store-aliasing-remote.c:66
[MUST-REPORT] Reference 2: call mainmain
[MUST-REPORT] /rmaracebench/results-20240305-201640/MUST/misc/024-MPI-misc-get-store-aliasing-remote.c:69
[MUST-REPORT] @rank 1, threadid 0;
[MUST-REPORT] Stacktrace:
[MUST-REPORT] #0  main@/rmaracebench/results-20240305-201640/MUST/misc/024-MPI-misc-get-store-aliasing-remote.c:69
[MUST-REPORT] 
ThreadSanitizer: reported 1 warnings
[MUST] Execution finished.
