value is 1
[8c5919991b82:40182] *** Process received signal ***
[8c5919991b82:40182] Signal: Segmentation fault (11)
[8c5919991b82:40182] Signal code: Address not mapped (1)
[8c5919991b82:40182] Failing at address: 0x1
[8c5919991b82:40182] [ 0] /lib/x86_64-linux-gnu/libc.so.6(+0x3c050)[0x7fceab049050]
[8c5919991b82:40182] [ 1] /usr/lib/x86_64-linux-gnu/openmpi/lib/openmpi3/mca_pml_ob1.so(mca_pml_ob1_recv_frag_callback_match+0x587)[0x7fceaa0c7a27]
[8c5919991b82:40182] [ 2] /usr/lib/x86_64-linux-gnu/openmpi/lib/openmpi3/mca_btl_vader.so(+0x4f6a)[0x7fceaa180f6a]
[8c5919991b82:40182] [ 3] /lib/x86_64-linux-gnu/libopen-pal.so.40(opal_progress+0x2c)[0x7fceaab78e1c]
[8c5919991b82:40182] [ 4] /lib/x86_64-linux-gnu/libmpi.so.40(ompi_request_default_test+0x30)[0x7fceab365560]
[8c5919991b82:40182] [ 5] /lib/x86_64-linux-gnu/libmpi.so.40(PMPI_Test+0x4e)[0x7fceab3a564e]
[8c5919991b82:40182] [ 6] /opt/parcoach/lib/libParcoachInstrumentation.so(+0x59af)[0x7fceab45f9af]
[8c5919991b82:40182] [ 7] /lib/x86_64-linux-gnu/libstdc++.so.6(+0xd44a3)[0x7fceaacd44a3]
[8c5919991b82:40182] [ 8] /lib/x86_64-linux-gnu/libc.so.6(+0x89134)[0x7fceab096134]
[8c5919991b82:40182] [ 9] /lib/x86_64-linux-gnu/libc.so.6(+0x1097dc)[0x7fceab1167dc]
[8c5919991b82:40182] *** End of error message ***
--------------------------------------------------------------------------
Primary job  terminated normally, but 1 process returned
a non-zero exit code. Per user-direction, the job has been aborted.
--------------------------------------------------------------------------
--------------------------------------------------------------------------
mpirun noticed that process rank 1 with PID 0 on node 8c5919991b82 exited on signal 11 (Segmentation fault).
--------------------------------------------------------------------------
