value is 0
[8c5919991b82:40240] *** Process received signal ***
[8c5919991b82:40240] Signal: Segmentation fault (11)
[8c5919991b82:40240] Signal code: Address not mapped (1)
[8c5919991b82:40240] Failing at address: 0x1
[8c5919991b82:40240] [ 0] /lib/x86_64-linux-gnu/libc.so.6(+0x3c050)[0x7fadc5d5a050]
[8c5919991b82:40240] [ 1] /usr/lib/x86_64-linux-gnu/openmpi/lib/openmpi3/mca_pml_ob1.so(mca_pml_ob1_recv_frag_callback_match+0x587)[0x7fadc4cd8a27]
[8c5919991b82:40240] [ 2] /usr/lib/x86_64-linux-gnu/openmpi/lib/openmpi3/mca_btl_vader.so(+0x4f6a)[0x7fadc5696f6a]
[8c5919991b82:40240] [ 3] /lib/x86_64-linux-gnu/libopen-pal.so.40(opal_progress+0x2c)[0x7fadc58bce1c]
[8c5919991b82:40240] [ 4] /lib/x86_64-linux-gnu/libmpi.so.40(ompi_request_default_test+0x30)[0x7fadc6076560]
[8c5919991b82:40240] [ 5] /lib/x86_64-linux-gnu/libmpi.so.40(PMPI_Test+0x4e)[0x7fadc60b664e]
[8c5919991b82:40240] [ 6] /opt/parcoach/lib/libParcoachInstrumentation.so(+0x59af)[0x7fadc61709af]
[8c5919991b82:40240] [ 7] /lib/x86_64-linux-gnu/libstdc++.so.6(+0xd44a3)[0x7fadc5ad44a3]
[8c5919991b82:40240] [ 8] /lib/x86_64-linux-gnu/libc.so.6(+0x89134)[0x7fadc5da7134]
[8c5919991b82:40240] [ 9] /lib/x86_64-linux-gnu/libc.so.6(+0x1097dc)[0x7fadc5e277dc]
[8c5919991b82:40240] *** End of error message ***
[warn] event_base_loop: reentrant invocation.  Only one event_base_loop can run on each event_base at once.
[warn] event_base_loop: reentrant invocation.  Only one event_base_loop can run on each event_base at once.
--------------------------------------------------------------------------
Primary job  terminated normally, but 1 process returned
a non-zero exit code. Per user-direction, the job has been aborted.
--------------------------------------------------------------------------
--------------------------------------------------------------------------
mpirun noticed that process rank 1 with PID 0 on node 8c5919991b82 exited on signal 11 (Segmentation fault).
--------------------------------------------------------------------------
