===========================
===  PARCOACH ANALYSIS  ===
===========================
===========================
ANALYZING function aliasgenerator...
(1) Get statistics ...done 
(2) Local concurrency errors detection ...done 
(3) Instrumentation for dynamic analysis ...done 
=== STATISTICS === 
0 MPI functions including 0 RMA functions 
= WINDOW CREATION/DESTRUCTION: 0 MPI_Win_free, 0 MPI_Win_create 
= EPOCH CREATION/DESTRUCTION: 0 MPI_Win_fence, 0 MPI_Lock, 0 MPI_Lockall 0 MPI_Unlock, 0 MPI_Unlockall 
= ONE-SIDED COMMUNICATIONS: 0 MPI_Get, 0 MPI_Put, 0 MPI_Accumulate 
= SYNCHRONIZATION: 0 MPI_Win_Flush 
LOAD/STORE STATISTICS: 0 (/3) LOAD and 0 (/3) STORE are instrumented
===========================
ANALYZING function main...
(1) Get statistics ...done 
(2) Local concurrency errors detection ...LocalConcurrency detected: conflit with the following instructions: 
  store i32 42, ptr %49, align 4, !dbg !116 - LINE 68 in results-20240305-201640/PARCOACH-static/misc/006-MPI-misc-put-store-aliasing-local.c
AND
  %48 = call i32 @MPI_Put(ptr noundef %46, i32 noundef 1, ptr noundef @ompi_mpi_int, i32 noundef 1, i64 noundef 0, i32 noundef 1, ptr noundef @ompi_mpi_int, ptr noundef %47), !dbg !114 - LINE 66 in results-20240305-201640/PARCOACH-static/misc/006-MPI-misc-put-store-aliasing-local.c
done 
(3) Instrumentation for dynamic analysis ...done 
=== STATISTICS === 
11 MPI functions including 5 RMA functions 
= WINDOW CREATION/DESTRUCTION: 1 MPI_Win_free, 1 MPI_Win_create 
= EPOCH CREATION/DESTRUCTION: 2 MPI_Win_fence, 0 MPI_Lock, 0 MPI_Lockall 0 MPI_Unlock, 0 MPI_Unlockall 
= ONE-SIDED COMMUNICATIONS: 0 MPI_Get, 1 MPI_Put, 0 MPI_Accumulate 
= SYNCHRONIZATION: 0 MPI_Win_Flush 
LOAD/STORE STATISTICS: 12 (/18) LOAD and 2 (/11) STORE are instrumented
===========================
