===========================
===  PARCOACH ANALYSIS  ===
===========================
===========================
ANALYZING function main...
(1) Get statistics ...done 
(2) Local concurrency errors detection ...LocalConcurrency detected: conflit with the following instructions: 
  %50 = load i32, ptr %49, align 4, !dbg !121 - LINE 66 in results-20240305-201640/PARCOACH-static/misc/016-MPI-misc-get-load-memcpy-local.c
AND
  %48 = call i32 @MPI_Get(ptr noundef %46, i32 noundef 1, ptr noundef @ompi_mpi_int, i32 noundef 1, i64 noundef 0, i32 noundef 1, ptr noundef @ompi_mpi_int, ptr noundef %47), !dbg !119 - LINE 64 in results-20240305-201640/PARCOACH-static/misc/016-MPI-misc-get-load-memcpy-local.c
LocalConcurrency detected: conflit with the following instructions: 
  %53 = load ptr, ptr %8, align 8, !dbg !124 - LINE 69 in results-20240305-201640/PARCOACH-static/misc/016-MPI-misc-get-load-memcpy-local.c
AND
  %48 = call i32 @MPI_Get(ptr noundef %46, i32 noundef 1, ptr noundef @ompi_mpi_int, i32 noundef 1, i64 noundef 0, i32 noundef 1, ptr noundef @ompi_mpi_int, ptr noundef %47), !dbg !119 - LINE 64 in results-20240305-201640/PARCOACH-static/misc/016-MPI-misc-get-load-memcpy-local.c
done 
(3) Instrumentation for dynamic analysis ...done 
=== STATISTICS === 
11 MPI functions including 5 RMA functions 
= WINDOW CREATION/DESTRUCTION: 1 MPI_Win_free, 1 MPI_Win_create 
= EPOCH CREATION/DESTRUCTION: 2 MPI_Win_fence, 0 MPI_Lock, 0 MPI_Lockall 0 MPI_Unlock, 0 MPI_Unlockall 
= ONE-SIDED COMMUNICATIONS: 1 MPI_Get, 0 MPI_Put, 0 MPI_Accumulate 
= SYNCHRONIZATION: 0 MPI_Win_Flush 
LOAD/STORE STATISTICS: 13 (/19) LOAD and 1 (/10) STORE are instrumented
===========================
