Using prebuild /home/user/.cache/must/prebuilds/c68e094d2eb7a367fa3fd65ca3555a22
Using prebuild /home/user/.cache/must/prebuilds/c68e094d2eb7a367fa3fd65ca3555a22
[MUST] MUST configuration ... distributed checks without application crash handling
[MUST] Information: overwritting old intermediate data in directory "/rmaracebench/must_temp"!
[MUST] Using prebuilt infrastructure at /home/user/.cache/must/prebuilds/c68e094d2eb7a367fa3fd65ca3555a22
[MUST] Infrastructure in "/home/user/.cache/must/prebuilds/c68e094d2eb7a367fa3fd65ca3555a22" is present and used.
[MUST] Search for linked P^nMPI ... not found ... using LD_PRELOAD to load P^nMPI ... success
[MUST] Note: Full ThreadSanitizer support requires the application to be built with either a GNU-based compiler in version 9 to 11 or an LLVM-based compiler in version 6 to 13.
[MUST] Note: MPI RMA support requires the application to be built with Clang >= 15.Executing application:
win_base[0] is 42
==================
[1m[31mWARNING: ThreadSanitizer: data race (pid=75160)
[1m[0m[1m[34m  Write of size 4 at 0x7fc3b4f02008 by thread T15 (mutexes: write M0):
[1m[0m    #0 MPI_Put ??:? (libpnmpi.so+0x90a50) (BuildId: 05175fe2db8438a60158cd2bbcb989ce0843156e)
    #1 <null> <null> (0xfffffffffffffff)
    #2 <null> <null> (0x000100000000)
    #3 <null> <null> (0x000100000006)
    #4 <null> <null> (0x55db352cee3e)

[1m[34m  Previous read of size 4 at 0x7fc3b4f02008 by main thread:
[1m[0m    #0 .omp_outlined._debug__ /rmaracebench/results-20240305-205614/MUST/hybrid/015-MPI-hybrid-task-remote-yes.c:100 (015-MPI-hybrid-task-remote-yes.c.exe-must+0xd9fbe) (BuildId: fee42169c80c67b2dc4471f061855550a82092d0)
    #1 .omp_outlined..3 /rmaracebench/results-20240305-205614/MUST/hybrid/015-MPI-hybrid-task-remote-yes.c:86 (015-MPI-hybrid-task-remote-yes.c.exe-must+0xd9ec0) (BuildId: fee42169c80c67b2dc4471f061855550a82092d0)
    #2 __kmp_invoke_microtask ??:? (libomp.so.5+0xd8022) (BuildId: 861597ad0fca1891cd9974a9c37a8e5088206e6e)
    #3 main /rmaracebench/results-20240305-205614/MUST/hybrid/015-MPI-hybrid-task-remote-yes.c:86 (015-MPI-hybrid-task-remote-yes.c.exe-must+0xd9d72) (BuildId: fee42169c80c67b2dc4471f061855550a82092d0)

[1m[32m  Location is global '<null>' at 0x000000000000 (osc_rdma.8c5919991b82.64930001.10 (deleted)+0x2008)

[1m[0m[1m[35m  Mutex M0 (0x7b10000250b8) created at:
[1m[0m    [failed to restore the stack]

[1m[36m  Thread T15 'rank 0' (tid=0, running) created by thread T3 at:
[1m[0m    #0 must::TargetChecks::targetOpComplete(unsigned long, unsigned long, unsigned long*, int) ??:? (libtargetChecks.so+0xebba) (BuildId: e7a510da0f1579816df6a8be5c038af936cb5847)

SUMMARY: ThreadSanitizer: data race ??:? in MPI_Put
==================
Process 1: Execution finished, variable contents: value = 1, value2 = 2, win_base[0] = 42
Process 0: Execution finished, variable contents: value = 42, value2 = 2, win_base[0] = 0
/usr/bin/addr2line: '-f': No such file
[MUST-REPORT] Error: from: call .omp_outlined._debug__@1: Remote data race at rank 1 between a write of size 4 at MPI_Put@1 from rank 0 and a previous read of size 4 at .omp_outlined._debug__@2 from rank 1.
[MUST-REPORT]  Representative location:
[MUST-REPORT] #0  .omp_outlined._debug__@/rmaracebench/results-20240305-205614/MUST/hybrid/015-MPI-hybrid-task-remote-yes.c:100
[MUST-REPORT] #1  .omp_outlined..3@/rmaracebench/results-20240305-205614/MUST/hybrid/015-MPI-hybrid-task-remote-yes.c:86
[MUST-REPORT] #2  __kmp_invoke_microtask@??:?:0xd8022
[MUST-REPORT] #3  main@/rmaracebench/results-20240305-205614/MUST/hybrid/015-MPI-hybrid-task-remote-yes.c:86
[MUST-REPORT]  References of a representative process:
[MUST-REPORT] Reference 1: call MPI_Put@rank 0, threadid 1;
[MUST-REPORT] Stacktrace:
[MUST-REPORT] #0  main@/rmaracebench/results-20240305-205614/MUST/hybrid/015-MPI-hybrid-task-remote-yes.c:79
[MUST-REPORT] Reference 2: call .omp_outlined._debug__.omp_outlined._debug__
[MUST-REPORT] /rmaracebench/results-20240305-205614/MUST/hybrid/015-MPI-hybrid-task-remote-yes.c:100
[MUST-REPORT] @rank 1, threadid 0;
[MUST-REPORT] Stacktrace:
[MUST-REPORT] #0  .omp_outlined._debug__@/rmaracebench/results-20240305-205614/MUST/hybrid/015-MPI-hybrid-task-remote-yes.c:100
[MUST-REPORT] #1  .omp_outlined..3@/rmaracebench/results-20240305-205614/MUST/hybrid/015-MPI-hybrid-task-remote-yes.c:86
[MUST-REPORT] #2  __kmp_invoke_microtask@??:?:0xd8022
[MUST-REPORT] #3  main@/rmaracebench/results-20240305-205614/MUST/hybrid/015-MPI-hybrid-task-remote-yes.c:86
[MUST-REPORT] 
ThreadSanitizer: reported 1 warnings
[MUST] Execution finished.
