Using prebuild /home/user/.cache/must/prebuilds/c68e094d2eb7a367fa3fd65ca3555a22
Using prebuild /home/user/.cache/must/prebuilds/c68e094d2eb7a367fa3fd65ca3555a22
[MUST] MUST configuration ... distributed checks without application crash handling
[MUST] Information: overwritting old intermediate data in directory "/rmaracebench/must_temp"!
[MUST] Using prebuilt infrastructure at /home/user/.cache/must/prebuilds/c68e094d2eb7a367fa3fd65ca3555a22
[MUST] Infrastructure in "/home/user/.cache/must/prebuilds/c68e094d2eb7a367fa3fd65ca3555a22" is present and used.
[MUST] Search for linked P^nMPI ... not found ... using LD_PRELOAD to load P^nMPI ... success
[MUST] Note: Full ThreadSanitizer support requires the application to be built with either a GNU-based compiler in version 9 to 11 or an LLVM-based compiler in version 6 to 13.
[MUST] Note: MPI RMA support requires the application to be built with Clang >= 15.Executing application:
value is 0
==================
[1m[31mWARNING: ThreadSanitizer: data race (pid=80665)
[1m[0m[1m[34m  Write of size 4 at 0x7ffe9cb683b0 by thread T4:
[1m[0m    #0 MPI_Get ??:? (libpnmpi.so+0x874c0) (BuildId: 05175fe2db8438a60158cd2bbcb989ce0843156e)
    #1 <null> <null> (0xfffffffffffffff)
    #2 <null> <null> (0x000100000000)
    #3 <null> <null> (0x000100000005)
    #4 deeeeeeeeep /rmaracebench/results-20240305-205614/MUST/misc/013-MPI-misc-get-load-deep-nesting-local.c:29 (013-MPI-misc-get-load-deep-nesting-local.c.exe-must+0xd9ade) (BuildId: d4c93400f59f7e62b7957cb60db22a7389604220)

[1m[34m  Previous read of size 4 at 0x7ffe9cb683b0 by main thread:
[1m[0m    #0 rank0 /rmaracebench/results-20240305-205614/MUST/misc/013-MPI-misc-get-load-deep-nesting-local.c:55 (013-MPI-misc-get-load-deep-nesting-local.c.exe-must+0xd9df8) (BuildId: d4c93400f59f7e62b7957cb60db22a7389604220)
    #1 main /rmaracebench/results-20240305-205614/MUST/misc/013-MPI-misc-get-load-deep-nesting-local.c:88 (013-MPI-misc-get-load-deep-nesting-local.c.exe-must+0xd9f60) (BuildId: d4c93400f59f7e62b7957cb60db22a7389604220)

[1m[32m  Location is stack of main thread.

[1m[0m[1m[32m  Location is global '<null>' at 0x000000000000 ([stack]+0x1e3b0)

[1m[0m[1m[36m  Thread T4 (tid=0, running) created by thread T3 at:
[1m[0m    #0 must::OriginChecks::OriginChecks(char const*) ??:? (liboriginChecks.so+0xe525) (BuildId: 7cb51d224fa59c8f5f338ec410e8d8b734bdaf70)

SUMMARY: ThreadSanitizer: data race ??:? in MPI_Get
==================
Process 1: Execution finished, variable contents: value = 1, value2 = 2, win_base[0] = 0
Process 0: Execution finished, variable contents: value = 0, value2 = 2, win_base[0] = 0
/usr/bin/addr2line: '-f': No such file
[MUST-REPORT] Error: from: call rank0@0: Local buffer data race at rank 0 between a write of size 4 at MPI_Get@1 and a previous read of size 4 at rank0@2.
[MUST-REPORT]  Representative location:
[MUST-REPORT] #0  rank0@/rmaracebench/results-20240305-205614/MUST/misc/013-MPI-misc-get-load-deep-nesting-local.c:55
[MUST-REPORT] #1  main@/rmaracebench/results-20240305-205614/MUST/misc/013-MPI-misc-get-load-deep-nesting-local.c:88
[MUST-REPORT]  References of a representative process:
[MUST-REPORT] Reference 1: call MPI_Get@rank 0, threadid 1;
[MUST-REPORT] Stacktrace:
[MUST-REPORT] #0  deeeeeeeeep@/rmaracebench/results-20240305-205614/MUST/misc/013-MPI-misc-get-load-deep-nesting-local.c:29
[MUST-REPORT] #1  deeeeeeeep@/rmaracebench/results-20240305-205614/MUST/misc/013-MPI-misc-get-load-deep-nesting-local.c:33
[MUST-REPORT] #2  deeeeeeep@/rmaracebench/results-20240305-205614/MUST/misc/013-MPI-misc-get-load-deep-nesting-local.c:36
[MUST-REPORT] #3  deeeeeep@/rmaracebench/results-20240305-205614/MUST/misc/013-MPI-misc-get-load-deep-nesting-local.c:39
[MUST-REPORT] #4  deeeeep@/rmaracebench/results-20240305-205614/MUST/misc/013-MPI-misc-get-load-deep-nesting-local.c:42
[MUST-REPORT] #5  deeeep@/rmaracebench/results-20240305-205614/MUST/misc/013-MPI-misc-get-load-deep-nesting-local.c:45
[MUST-REPORT] #6  deeep@/rmaracebench/results-20240305-205614/MUST/misc/013-MPI-misc-get-load-deep-nesting-local.c:48
[MUST-REPORT] #7  deep@/rmaracebench/results-20240305-205614/MUST/misc/013-MPI-misc-get-load-deep-nesting-local.c:50
[MUST-REPORT] #8  rank0@/rmaracebench/results-20240305-205614/MUST/misc/013-MPI-misc-get-load-deep-nesting-local.c:53
[MUST-REPORT] #9  main@/rmaracebench/results-20240305-205614/MUST/misc/013-MPI-misc-get-load-deep-nesting-local.c:88
[MUST-REPORT] Reference 2: call rank0rank0
[MUST-REPORT] /rmaracebench/results-20240305-205614/MUST/misc/013-MPI-misc-get-load-deep-nesting-local.c:55
[MUST-REPORT] @rank 0, threadid 0;
[MUST-REPORT] Stacktrace:
[MUST-REPORT] #0  rank0@/rmaracebench/results-20240305-205614/MUST/misc/013-MPI-misc-get-load-deep-nesting-local.c:55
[MUST-REPORT] #1  main@/rmaracebench/results-20240305-205614/MUST/misc/013-MPI-misc-get-load-deep-nesting-local.c:88
[MUST-REPORT] 
ThreadSanitizer: reported 1 warnings
[MUST] Execution finished.
