Using prebuild /home/user/.cache/must/prebuilds/c68e094d2eb7a367fa3fd65ca3555a22
Using prebuild /home/user/.cache/must/prebuilds/c68e094d2eb7a367fa3fd65ca3555a22
[MUST] MUST configuration ... distributed checks without application crash handling
[MUST] Information: overwritting old intermediate data in directory "/rmaracebench/must_temp"!
[MUST] Using prebuilt infrastructure at /home/user/.cache/must/prebuilds/c68e094d2eb7a367fa3fd65ca3555a22
[MUST] Infrastructure in "/home/user/.cache/must/prebuilds/c68e094d2eb7a367fa3fd65ca3555a22" is present and used.
[MUST] Search for linked P^nMPI ... not found ... using LD_PRELOAD to load P^nMPI ... success
[MUST] Note: Full ThreadSanitizer support requires the application to be built with either a GNU-based compiler in version 9 to 11 or an LLVM-based compiler in version 6 to 13.
[MUST] Note: MPI RMA support requires the application to be built with Clang >= 15.Executing application:
win_base[0] is 0
==================
[1m[31mWARNING: ThreadSanitizer: data race (pid=84530)
[1m[0m[1m[34m  Write of size 4 at 0x7fe79b102008 by thread T14:
[1m[0m    #0 MPI_Put ??:? (libpnmpi.so+0x90a50) (BuildId: 05175fe2db8438a60158cd2bbcb989ce0843156e)
    #1 <null> <null> (0xfffffffffffffff)
    #2 <null> <null> (0x000100000000)
    #3 <null> <null> (0x000100000005)
    #4 <null> <null> (0x56527c55aadf)

[1m[34m  Previous read of size 4 at 0x7fe79b102008 by main thread:
[1m[0m    #0 main /rmaracebench/results-20240305-205614/MUST/misc/027-MPI-misc-put-load-deep-nesting-remote.c:86 (027-MPI-misc-put-load-deep-nesting-remote.c.exe-must+0xd9f3f) (BuildId: b60204cf81d1bd4b48d8b95d352f843ba94acbb8)

[1m[32m  Location is global '<null>' at 0x000000000000 (osc_rdma.8c5919991b82.b2d0001.10 (deleted)+0x2008)

[1m[0m[1m[36m  Thread T14 'rank 0' (tid=0, running) created by thread T3 at:
[1m[0m    #0 must::TargetChecks::targetOpComplete(unsigned long, unsigned long, unsigned long*, int) ??:? (libtargetChecks.so+0xebba) (BuildId: e7a510da0f1579816df6a8be5c038af936cb5847)

SUMMARY: ThreadSanitizer: data race ??:? in MPI_Put
==================
Process 0: Execution finished, variable contents: value = 1, value2 = 2, win_base[0] = 0
Process 1: Execution finished, variable contents: value = 1, value2 = 2, win_base[0] = 1
/usr/bin/addr2line: '-f': No such file
[MUST-REPORT] Error: from: call main@1: Remote data race at rank 1 between a write of size 4 at MPI_Put@1 from rank 0 and a previous read of size 4 at main@2 from rank 1.
[MUST-REPORT]  Representative location:
[MUST-REPORT] #0  main@/rmaracebench/results-20240305-205614/MUST/misc/027-MPI-misc-put-load-deep-nesting-remote.c:86
[MUST-REPORT]  References of a representative process:
[MUST-REPORT] Reference 1: call MPI_Put@rank 0, threadid 1;
[MUST-REPORT] Stacktrace:
[MUST-REPORT] #0  deeeeeeeeep@/rmaracebench/results-20240305-205614/MUST/misc/027-MPI-misc-put-load-deep-nesting-remote.c:29
[MUST-REPORT] #1  deeeeeeeep@/rmaracebench/results-20240305-205614/MUST/misc/027-MPI-misc-put-load-deep-nesting-remote.c:33
[MUST-REPORT] #2  deeeeeeep@/rmaracebench/results-20240305-205614/MUST/misc/027-MPI-misc-put-load-deep-nesting-remote.c:36
[MUST-REPORT] #3  deeeeeep@/rmaracebench/results-20240305-205614/MUST/misc/027-MPI-misc-put-load-deep-nesting-remote.c:39
[MUST-REPORT] #4  deeeeep@/rmaracebench/results-20240305-205614/MUST/misc/027-MPI-misc-put-load-deep-nesting-remote.c:42
[MUST-REPORT] #5  deeeep@/rmaracebench/results-20240305-205614/MUST/misc/027-MPI-misc-put-load-deep-nesting-remote.c:45
[MUST-REPORT] #6  deeep@/rmaracebench/results-20240305-205614/MUST/misc/027-MPI-misc-put-load-deep-nesting-remote.c:48
[MUST-REPORT] #7  deep@/rmaracebench/results-20240305-205614/MUST/misc/027-MPI-misc-put-load-deep-nesting-remote.c:50
[MUST-REPORT] #8  rank0@/rmaracebench/results-20240305-205614/MUST/misc/027-MPI-misc-put-load-deep-nesting-remote.c:52
[MUST-REPORT] #9  main@/rmaracebench/results-20240305-205614/MUST/misc/027-MPI-misc-put-load-deep-nesting-remote.c:83
[MUST-REPORT] Reference 2: call mainmain
[MUST-REPORT] /rmaracebench/results-20240305-205614/MUST/misc/027-MPI-misc-put-load-deep-nesting-remote.c:86
[MUST-REPORT] @rank 1, threadid 0;
[MUST-REPORT] Stacktrace:
[MUST-REPORT] #0  main@/rmaracebench/results-20240305-205614/MUST/misc/027-MPI-misc-put-load-deep-nesting-remote.c:86
[MUST-REPORT] 
ThreadSanitizer: reported 1 warnings
[MUST] Execution finished.
