Using prebuild /home/user/.cache/must/prebuilds/c68e094d2eb7a367fa3fd65ca3555a22
Using prebuild /home/user/.cache/must/prebuilds/c68e094d2eb7a367fa3fd65ca3555a22
[MUST] MUST configuration ... distributed checks without application crash handling
[MUST] Information: overwritting old intermediate data in directory "/rmaracebench/must_temp"!
[MUST] Using prebuilt infrastructure at /home/user/.cache/must/prebuilds/c68e094d2eb7a367fa3fd65ca3555a22
[MUST] Infrastructure in "/home/user/.cache/must/prebuilds/c68e094d2eb7a367fa3fd65ca3555a22" is present and used.
[MUST] Search for linked P^nMPI ... not found ... using LD_PRELOAD to load P^nMPI ... success
[MUST] Note: Full ThreadSanitizer support requires the application to be built with either a GNU-based compiler in version 9 to 11 or an LLVM-based compiler in version 6 to 13.
[MUST] Note: MPI RMA support requires the application to be built with Clang >= 15.Executing application:
==================
[1m[31mWARNING: ThreadSanitizer: data race (pid=118577)
[1m[0m[1m[34m  Read of size 4 at 0x7fffe64b05a8 by thread T4:
[1m[0m    #0 MPI_Put ??:? (libpnmpi.so+0x90a50) (BuildId: 05175fe2db8438a60158cd2bbcb989ce0843156e)
    #1 <null> <null> (0xfffffffffffffff)
    #2 <null> <null> (0x000100000000)
    #3 <null> <null> (0x000100000005)
    #4 main /rmaracebench/results-20240305-210746/MUST/misc/006-MPI-misc-put-store-aliasing-local.c:66 (006-MPI-misc-put-store-aliasing-local.c.exe-must+0xd9c77) (BuildId: 6acbb9ebd3feb8fa3727ea44084db6e5f2d90a80)

[1m[34m  Previous write of size 4 at 0x7fffe64b05a8 by main thread:
[1m[0m    #0 main /rmaracebench/results-20240305-210746/MUST/misc/006-MPI-misc-put-store-aliasing-local.c:68 (006-MPI-misc-put-store-aliasing-local.c.exe-must+0xd9c8f) (BuildId: 6acbb9ebd3feb8fa3727ea44084db6e5f2d90a80)

[1m[32m  Location is stack of main thread.

[1m[0m[1m[32m  Location is global '<null>' at 0x000000000000 ([stack]+0x1e5a8)

[1m[0m[1m[36m  Thread T4 (tid=0, running) created by thread T3 at:
[1m[0m    #0 must::OriginChecks::OriginChecks(char const*) ??:? (liboriginChecks.so+0xe525) (BuildId: 7cb51d224fa59c8f5f338ec410e8d8b734bdaf70)

SUMMARY: ThreadSanitizer: data race ??:? in MPI_Put
==================
Process 0: Execution finished, variable contents: value = 42, value2 = 2, win_base[0] = 0
Process 1: Execution finished, variable contents: value = 1, value2 = 2, win_base[0] = 1
/usr/bin/addr2line: '-f': No such file
[MUST-REPORT] Error: from: call main@0: Local buffer data race at rank 0 between a read of size 4 at MPI_Put@1 and a previous write of size 4 at main@2.
[MUST-REPORT]  Representative location:
[MUST-REPORT] #0  main@/rmaracebench/results-20240305-210746/MUST/misc/006-MPI-misc-put-store-aliasing-local.c:68
[MUST-REPORT]  References of a representative process:
[MUST-REPORT] Reference 1: call MPI_Put@rank 0, threadid 1;
[MUST-REPORT] Stacktrace:
[MUST-REPORT] #0  main@/rmaracebench/results-20240305-210746/MUST/misc/006-MPI-misc-put-store-aliasing-local.c:66
[MUST-REPORT] Reference 2: call mainmain
[MUST-REPORT] /rmaracebench/results-20240305-210746/MUST/misc/006-MPI-misc-put-store-aliasing-local.c:68
[MUST-REPORT] @rank 0, threadid 0;
[MUST-REPORT] Stacktrace:
[MUST-REPORT] #0  main@/rmaracebench/results-20240305-210746/MUST/misc/006-MPI-misc-put-store-aliasing-local.c:68
[MUST-REPORT] 
ThreadSanitizer: reported 1 warnings
[MUST] Execution finished.
